<?xml version="1.0" encoding="UTF-8"?>
<!-- Generated by org.testng.reporters.JUnitReportReporter -->
<testsuite hostname="DESKTOP-500TMPI" failures="0" tests="1" name="beauty.LaunchLakme" time="19.782" errors="0" timestamp="2024-05-27T20:55:14 IST" skipped="0">
  <testcase classname="beauty.LaunchLakme" name="nykaa" time="19.782"/>
  <system-out/>
</testsuite> <!-- beauty.LaunchLakme -->
