<?xml version="1.0" encoding="UTF-8"?>
<!-- Generated by org.testng.reporters.JUnitReportReporter -->
<testsuite hostname="DESKTOP-500TMPI" failures="0" tests="1" name="beauty.LaunchLoreal" time="13.910" errors="0" timestamp="2024-05-27T20:54:39 IST" skipped="0">
  <testcase classname="beauty.LaunchLoreal" name="nykaa" time="13.910"/>
  <system-out/>
</testsuite> <!-- beauty.LaunchLoreal -->
