<?xml version="1.0" encoding="UTF-8"?>
<!-- Generated by org.testng.reporters.JUnitReportReporter -->
<testsuite hostname="DESKTOP-500TMPI" failures="0" tests="1" name="food.LaunchSwiggy" time="26.287" errors="0" timestamp="2024-05-27T21:02:13 IST" skipped="0">
  <testcase classname="food.LaunchSwiggy" name="nykaa" time="26.287"/>
  <system-out/>
</testsuite> <!-- food.LaunchSwiggy -->
