<?xml version="1.0" encoding="UTF-8"?>
<!-- Generated by org.testng.reporters.JUnitReportReporter -->
<testsuite hostname="DESKTOP-500TMPI" failures="0" tests="1" name="beauty.LaunchingNykaa" time="18.120" errors="0" timestamp="2024-05-27T20:50:24 IST" skipped="0">
  <testcase classname="beauty.LaunchingNykaa" name="nykaa" time="18.120"/>
  <system-out/>
</testsuite> <!-- beauty.LaunchingNykaa -->
