<?xml version="1.0" encoding="UTF-8"?>
<!-- Generated by org.testng.reporters.JUnitReportReporter -->
<testsuite hostname="DESKTOP-500TMPI" failures="0" tests="1" name="ecom.DemoWebshop2_Test" time="29.204" errors="0" timestamp="2024-05-28T20:13:01 IST" skipped="0">
  <testcase classname="ecom.DemoWebshop2_Test" name="launch" time="29.204"/>
  <system-out>
testNG installed browser is maximised user clicked on Books page  </system-out>
</testsuite> <!-- ecom.DemoWebshop2_Test -->
