<?xml version="1.0" encoding="UTF-8"?>
<!-- Generated by org.testng.reporters.JUnitReportReporter -->
<testsuite hostname="DESKTOP-500TMPI" failures="0" tests="1" name="food.LaunchKFC" time="12.678" errors="0" timestamp="2024-05-27T20:58:43 IST" skipped="0">
  <testcase classname="food.LaunchKFC" name="nykaa" time="12.678"/>
  <system-out/>
</testsuite> <!-- food.LaunchKFC -->
