<?xml version="1.0" encoding="UTF-8"?>
<!-- Generated by org.testng.reporters.JUnitReportReporter -->
<testsuite hostname="DESKTOP-500TMPI" failures="0" tests="1" name="ecom.DemoWebShop1_Test" time="20.763" errors="0" timestamp="2024-05-28T20:07:52 IST" skipped="0">
  <testcase classname="ecom.DemoWebShop1_Test" name="launch" time="20.763"/>
  <system-out>
testNG installed browser is maximised demowebshop is launched browser is closed  </system-out>
</testsuite> <!-- ecom.DemoWebShop1_Test -->
