<?xml version="1.0" encoding="UTF-8"?>
<!-- Generated by org.testng.reporters.JUnitReportReporter -->
<testsuite hostname="DESKTOP-500TMPI" failures="0" tests="1" name="ecom.DemoWebShop" time="15.925" errors="0" timestamp="2024-05-27T21:04:18 IST" skipped="0">
  <testcase classname="ecom.DemoWebShop" name="nykaa" time="15.925"/>
  <system-out/>
</testsuite> <!-- ecom.DemoWebShop -->
