<?xml version="1.0" encoding="UTF-8"?>
<!-- Generated by org.testng.reporters.JUnitReportReporter -->
<testsuite hostname="DESKTOP-500TMPI" failures="0" tests="1" name="ecom.DemoWebShop3_Test" time="19.180" errors="0" timestamp="2024-05-28T20:13:30 IST" skipped="0">
  <testcase classname="ecom.DemoWebShop3_Test" name="launch" time="19.180"/>
  <system-out>
testNG installed browser is maximised  </system-out>
</testsuite> <!-- ecom.DemoWebShop3_Test -->
