<?xml version="1.0" encoding="UTF-8"?>
<!-- Generated by org.testng.reporters.JUnitReportReporter -->
<testsuite hostname="DESKTOP-500TMPI" failures="0" tests="1" name="food.LaunchZomato" time="16.633" errors="0" timestamp="2024-05-27T21:01:06 IST" skipped="0">
  <testcase classname="food.LaunchZomato" name="nykaa" time="16.633"/>
  <system-out/>
</testsuite> <!-- food.LaunchZomato -->
