<?xml version="1.0" encoding="UTF-8"?>
<!-- Generated by org.testng.reporters.JUnitReportReporter -->
<testsuite hostname="DESKTOP-500TMPI" failures="0" tests="1" name="report.Script02" time="18.202" errors="0" timestamp="2024-06-03T20:28:02 IST" skipped="0">
  <testcase classname="report.Script02" name="script2" time="18.202"/>
  <system-out/>
</testsuite> <!-- report.Script02 -->
